<?xml version="1.0" encoding="UTF-8"?>
<!-- Generated by org.testng.reporters.JUnitXMLReporter -->
<testsuite ignored="0" hostname="sushils-MacBook-Air.local" failures="1" tests="2" name="/Users/sushil/Documents/parabanks/APIAutomation/APIAuto2" time="20.654" errors="0" timestamp="2023-01-31T08:03:31 IST">
  <testcase classname="io.cucumber.testng.AbstractTestNGCucumberTests" name="runScenario" time="12.519">
    <failure type="java.lang.RuntimeException" message="
Expected: &amp;quot;201&amp;quot;
     but: was &amp;quot;200&amp;quot;">
      <![CDATA[java.lang.RuntimeException: 
Expected: "201"
     but: was "200"
at stepDefinations.BrowseSteps.user_should_receive_the_response_code(BrowseSteps.java:66)
at âœ½.user should receive the response code 201.(file:///Users/sushil/Documents/parabanks/APIAutomation/APIAuto2/src/test/java/features/browseCategories.feature:12)
]]>
    </failure>
  </testcase> <!-- runScenario -->
  <testcase classname="io.cucumber.testng.AbstractTestNGCucumberTests" name="runScenario" time="5.535"/>
</testsuite> <!-- /Users/sushil/Documents/parabanks/APIAutomation/APIAuto2 -->
